<?xml version="1.0" encoding="UTF-8"?>
<!-- Generated by org.testng.reporters.JUnitReportReporter -->
<testsuite hostname="DESKTOP-27LSRJB" failures="0" tests="1" name="com.comcast.crm.productTest.TC_15_DeletetheProduct" time="34.612" errors="0" timestamp="2021-05-06T07:57:05 PDT" skipped="0">
  <testcase classname="com.comcast.crm.productTest.TC_15_DeletetheProduct" name="deleteTheProduct" time="34.612"/>
</testsuite> <!-- com.comcast.crm.productTest.TC_15_DeletetheProduct -->
