<?xml version="1.0" encoding="UTF-8"?>
<!-- Generated by org.testng.reporters.JUnitReportReporter -->
<testsuite hostname="DESKTOP-27LSRJB" failures="0" tests="1" name="com.crm.VtigerTests.CreateOrganizationwithIndustry" time="66.098" errors="0" timestamp="2021-05-02T01:17:59 PDT" skipped="0">
  <testcase classname="com.crm.VtigerTests.CreateOrganizationwithIndustry" name="createOrganizationwithIndustry" time="66.098"/>
</testsuite> <!-- com.crm.VtigerTests.CreateOrganizationwithIndustry -->
