<?xml version="1.0" encoding="UTF-8"?>
<!-- Generated by org.testng.reporters.JUnitReportReporter -->
<testsuite hostname="DESKTOP-27LSRJB" failures="0" tests="1" name="com.crm.VtigerTestAssig.Tc11_CreatProduct_searchByQnt" time="48.723" errors="0" timestamp="2021-04-29T20:59:09 PDT" skipped="0">
  <testcase classname="com.crm.VtigerTestAssig.Tc11_CreatProduct_searchByQnt" name="create_proSearch_ByQnt" time="48.723"/>
  <system-out/>
</testsuite> <!-- com.crm.VtigerTestAssig.Tc11_CreatProduct_searchByQnt -->
