<?xml version="1.0" encoding="UTF-8"?>
<!-- Generated by org.testng.reporters.JUnitReportReporter -->
<testsuite hostname="DESKTOP-27LSRJB" failures="0" tests="2" name="com.comcast.crm.productTest.TC_12_SearchProduct_byQtyinStock_Test" time="76.980" errors="0" timestamp="2021-05-05T22:13:01 PDT" skipped="0">
  <testcase classname="com.comcast.crm.productTest.TC_12_SearchProduct_byQtyinStock_Test" name="searchProductByQty_unit" time="42.602"/>
  <testcase classname="com.comcast.crm.productTest.TC_12_SearchProduct_byQtyinStock_Test" name="createProduct" time="34.378"/>
</testsuite> <!-- com.comcast.crm.productTest.TC_12_SearchProduct_byQtyinStock_Test -->
