<?xml version="1.0" encoding="UTF-8"?>
<!-- Generated by org.testng.reporters.JUnitReportReporter -->
<testsuite hostname="DESKTOP-27LSRJB" failures="0" tests="2" name="com.comcast.crm.contacttest.CreateContactTest" time="78.694" errors="0" timestamp="2021-05-03T23:45:49 PDT" skipped="0">
  <testcase classname="com.comcast.crm.contacttest.CreateContactTest" name="createContact" time="35.183"/>
  <testcase classname="com.comcast.crm.contacttest.CreateContactTest" name="createContactwithOrganization" time="43.511"/>
</testsuite> <!-- com.comcast.crm.contacttest.CreateContactTest -->
