<?xml version="1.0" encoding="UTF-8"?>
<!-- Generated by org.testng.reporters.JUnitReportReporter -->
<testsuite hostname="DESKTOP-27LSRJB" failures="0" tests="1" name="com.crm.VtigerTestAssig.TC06" time="93.784" errors="0" timestamp="2021-04-29T04:33:17 PDT" skipped="0">
  <testcase classname="com.crm.VtigerTestAssig.TC06" name="login" time="93.784"/>
  <system-out/>
</testsuite> <!-- com.crm.VtigerTestAssig.TC06 -->
