<?xml version="1.0" encoding="UTF-8"?>
<!-- Generated by org.testng.reporters.JUnitReportReporter -->
<testsuite hostname="DESKTOP-27LSRJB" failures="0" tests="1" name="com.crm.VtigerTests.CreateOrganizationTest" time="33.902" errors="0" timestamp="2021-05-02T00:17:33 PDT" skipped="0">
  <testcase classname="com.crm.VtigerTests.CreateOrganizationTest" name="createOrganization" time="33.902"/>
</testsuite> <!-- com.crm.VtigerTests.CreateOrganizationTest -->
