<?xml version="1.0" encoding="UTF-8"?>
<!-- Generated by org.testng.reporters.JUnitReportReporter -->
<testsuite hostname="DESKTOP-27LSRJB" failures="0" tests="1" name="com.crm.VtigerTestAssig.TC_14_SearchProduct_by_AlphabetSearch" time="68.870" errors="0" timestamp="2021-05-02T04:31:39 PDT" skipped="0">
  <testcase classname="com.crm.VtigerTestAssig.TC_14_SearchProduct_by_AlphabetSearch" name="searchProduct_byAlphabetSearch" time="68.870"/>
</testsuite> <!-- com.crm.VtigerTestAssig.TC_14_SearchProduct_by_AlphabetSearch -->
