<?xml version="1.0" encoding="UTF-8"?>
<!-- Generated by org.testng.reporters.JUnitReportReporter -->
<testsuite hostname="DESKTOP-27LSRJB" failures="0" tests="1" name="com.crm.VtigerTestAssig.TC_12_SearchProduct_byQtyinStock_Test" time="35.761" errors="0" timestamp="2021-05-02T03:41:00 PDT" skipped="0">
  <testcase classname="com.crm.VtigerTestAssig.TC_12_SearchProduct_byQtyinStock_Test" name="searchProductByQty_unit" time="35.761"/>
</testsuite> <!-- com.crm.VtigerTestAssig.TC_12_SearchProduct_byQtyinStock_Test -->
