<?xml version="1.0" encoding="UTF-8"?>
<!-- Generated by org.testng.reporters.JUnitReportReporter -->
<testsuite hostname="DESKTOP-27LSRJB" failures="0" tests="2" name="com.comcast.crm.organizationtest.CreateOrganizationTest" time="66.412" errors="0" timestamp="2021-05-05T10:01:36 PDT" skipped="0">
  <testcase classname="com.comcast.crm.organizationtest.CreateOrganizationTest" name="createOrganization" time="37.422"/>
  <testcase classname="com.comcast.crm.organizationtest.CreateOrganizationTest" name="createOrganizationwithIndustry" time="28.990"/>
</testsuite> <!-- com.comcast.crm.organizationtest.CreateOrganizationTest -->
