<?xml version="1.0" encoding="UTF-8"?>
<!-- Generated by org.testng.reporters.JUnitReportReporter -->
<testsuite hostname="DESKTOP-27LSRJB" failures="0" tests="1" name="com.crm.VtigerGenericUtils.BaseClass" time="72.406" errors="0" timestamp="2021-05-02T00:04:30 PDT" skipped="0">
  <testcase classname="com.crm.VtigerGenericUtils.BaseClass" name="run" time="72.406"/>
</testsuite> <!-- com.crm.VtigerGenericUtils.BaseClass -->
