<?xml version="1.0" encoding="UTF-8"?>
<!-- Generated by org.testng.reporters.JUnitReportReporter -->
<testsuite hostname="DESKTOP-27LSRJB" failures="0" tests="2" name="com.comcast.crm.productTest.TC_11_SearchProduct_byQtyUnit_Test" time="86.512" errors="0" timestamp="2021-05-05T22:13:02 PDT" skipped="0">
  <testcase classname="com.comcast.crm.productTest.TC_11_SearchProduct_byQtyUnit_Test" name="searchProductByQty" time="35.770"/>
  <testcase classname="com.comcast.crm.productTest.TC_11_SearchProduct_byQtyUnit_Test" name="createProduct" time="50.742"/>
</testsuite> <!-- com.comcast.crm.productTest.TC_11_SearchProduct_byQtyUnit_Test -->
