<?xml version="1.0" encoding="UTF-8"?>
<!-- Generated by org.testng.reporters.JUnitReportReporter -->
<testsuite hostname="DESKTOP-27LSRJB" failures="0" tests="1" name="com.crm.VtigerTestAssig.TC_15_DeletetheProduct" time="53.896" errors="0" timestamp="2021-05-02T05:23:28 PDT" skipped="0">
  <testcase classname="com.crm.VtigerTestAssig.TC_15_DeletetheProduct" name="deleteTheProduct" time="53.896"/>
</testsuite> <!-- com.crm.VtigerTestAssig.TC_15_DeletetheProduct -->
