<?xml version="1.0" encoding="UTF-8"?>
<!-- Generated by org.testng.reporters.JUnitReportReporter -->
<testsuite hostname="DESKTOP-27LSRJB" failures="0" tests="1" name="com.crm.VtigerTestAssig.TC_13_SearchProduct_by_UnitPrice" time="36.395" errors="0" timestamp="2021-05-02T03:56:00 PDT" skipped="0">
  <testcase classname="com.crm.VtigerTestAssig.TC_13_SearchProduct_by_UnitPrice" name="searchProduct_ByUnitPrice" time="36.395"/>
</testsuite> <!-- com.crm.VtigerTestAssig.TC_13_SearchProduct_by_UnitPrice -->
