<?xml version="1.0" encoding="UTF-8"?>
<!-- Generated by org.testng.reporters.JUnitReportReporter -->
<testsuite hostname="DESKTOP-27LSRJB" failures="0" tests="1" name="com.comcast.crm.productTest.TC_14_SearchProduct_by_AlphabetSearch" time="48.353" errors="0" timestamp="2021-05-05T22:13:02 PDT" skipped="0">
  <testcase classname="com.comcast.crm.productTest.TC_14_SearchProduct_by_AlphabetSearch" name="searchProduct_byAlphabetSearch" time="48.353"/>
</testsuite> <!-- com.comcast.crm.productTest.TC_14_SearchProduct_by_AlphabetSearch -->
