<?xml version="1.0" encoding="UTF-8"?>
<!-- Generated by org.testng.reporters.JUnitReportReporter -->
<testsuite hostname="DESKTOP-27LSRJB" failures="0" tests="1" name="com.comcast.crm.productTest.TC_13_SearchProduct_by_UnitPrice" time="44.851" errors="0" timestamp="2021-05-05T22:13:02 PDT" skipped="0">
  <testcase classname="com.comcast.crm.productTest.TC_13_SearchProduct_by_UnitPrice" name="searchProduct_ByUnitPrice" time="44.851"/>
</testsuite> <!-- com.comcast.crm.productTest.TC_13_SearchProduct_by_UnitPrice -->
